[ 2016-10-29T11:43:41+08:00 ] 127.0.0.1 /index.php/home/index/test
INFO: [ app_init ] --START--
INFO: Run Behavior\BuildLiteBehavior [ RunTime:0.000033s ]
INFO: [ app_init ] --END-- [ RunTime:0.003936s ]
INFO: [ app_begin ] --START--
INFO: Run Behavior\ReadHtmlCacheBehavior [ RunTime:0.003945s ]
INFO: [ app_begin ] --END-- [ RunTime:0.004045s ]
INFO: [ app_end ] --START--
INFO: Run Behavior\ShowPageTraceBehavior [ RunTime:0.003735s ]
INFO: [ app_end ] --END-- [ RunTime:0.003860s ]

[ 2016-10-29T11:44:02+08:00 ] 127.0.0.1 /index.php/home/index/test
INFO: [ app_init ] --START--
INFO: Run Behavior\BuildLiteBehavior [ RunTime:0.000035s ]
INFO: [ app_init ] --END-- [ RunTime:0.000752s ]
INFO: [ app_begin ] --START--
INFO: Run Behavior\ReadHtmlCacheBehavior [ RunTime:0.000517s ]
INFO: [ app_begin ] --END-- [ RunTime:0.000569s ]
INFO: [ app_end ] --START--
INFO: Run Behavior\ShowPageTraceBehavior [ RunTime:0.000634s ]
INFO: [ app_end ] --END-- [ RunTime:0.000705s ]

[ 2016-10-29T11:44:37+08:00 ] 127.0.0.1 /index.php/home/index/test
INFO: [ app_init ] --START--
INFO: Run Behavior\BuildLiteBehavior [ RunTime:0.000014s ]
INFO: [ app_init ] --END-- [ RunTime:0.000379s ]
INFO: [ app_begin ] --START--
INFO: Run Behavior\ReadHtmlCacheBehavior [ RunTime:0.000324s ]
INFO: [ app_begin ] --END-- [ RunTime:0.000361s ]
INFO: [ app_end ] --START--
INFO: Run Behavior\ShowPageTraceBehavior [ RunTime:0.001074s ]
INFO: [ app_end ] --END-- [ RunTime:0.001184s ]

[ 2016-10-29T11:48:39+08:00 ] 127.0.0.1 /index.php/home/index/test
INFO: [ app_init ] --START--
INFO: Run Behavior\BuildLiteBehavior [ RunTime:0.000015s ]
INFO: [ app_init ] --END-- [ RunTime:0.000301s ]
INFO: [ app_begin ] --START--
INFO: Run Behavior\ReadHtmlCacheBehavior [ RunTime:0.000309s ]
INFO: [ app_begin ] --END-- [ RunTime:0.000343s ]
INFO: [ view_parse ] --START--
INFO: [ template_filter ] --START--
INFO: Run Behavior\ContentReplaceBehavior [ RunTime:0.000087s ]
INFO: [ template_filter ] --END-- [ RunTime:0.000174s ]
INFO: Run Behavior\ParseTemplateBehavior [ RunTime:0.019524s ]
INFO: [ view_parse ] --END-- [ RunTime:0.019585s ]
INFO: [ view_filter ] --START--
INFO: Run Behavior\WriteHtmlCacheBehavior [ RunTime:0.002052s ]
INFO: [ view_filter ] --END-- [ RunTime:0.002122s ]
INFO: [ app_end ] --START--
INFO: Run Behavior\ShowPageTraceBehavior [ RunTime:0.000729s ]
INFO: [ app_end ] --END-- [ RunTime:0.000794s ]

[ 2016-10-29T11:48:56+08:00 ] 127.0.0.1 /index.php/home/index/test
INFO: [ app_init ] --START--
INFO: Run Behavior\BuildLiteBehavior [ RunTime:0.000016s ]
INFO: [ app_init ] --END-- [ RunTime:0.000335s ]
INFO: [ app_begin ] --START--
INFO: Run Behavior\ReadHtmlCacheBehavior [ RunTime:0.000561s ]
INFO: [ app_begin ] --END-- [ RunTime:0.000614s ]
INFO: [ view_parse ] --START--
INFO: [ template_filter ] --START--
INFO: Run Behavior\ContentReplaceBehavior [ RunTime:0.000103s ]
INFO: [ template_filter ] --END-- [ RunTime:0.000367s ]
INFO: Run Behavior\ParseTemplateBehavior [ RunTime:0.005793s ]
INFO: [ view_parse ] --END-- [ RunTime:0.005867s ]
INFO: [ view_filter ] --START--
INFO: Run Behavior\WriteHtmlCacheBehavior [ RunTime:0.000227s ]
INFO: [ view_filter ] --END-- [ RunTime:0.000283s ]
INFO: [ app_end ] --START--
INFO: Run Behavior\ShowPageTraceBehavior [ RunTime:0.000651s ]
INFO: [ app_end ] --END-- [ RunTime:0.000719s ]

[ 2016-10-29T11:49:04+08:00 ] 127.0.0.1 /index.php/home/index/test
INFO: [ app_init ] --START--
INFO: Run Behavior\BuildLiteBehavior [ RunTime:0.000014s ]
INFO: [ app_init ] --END-- [ RunTime:0.000302s ]
INFO: [ app_begin ] --START--
INFO: Run Behavior\ReadHtmlCacheBehavior [ RunTime:0.000408s ]
INFO: [ app_begin ] --END-- [ RunTime:0.000449s ]
INFO: [ view_parse ] --START--
INFO: [ template_filter ] --START--
INFO: Run Behavior\ContentReplaceBehavior [ RunTime:0.000045s ]
INFO: [ template_filter ] --END-- [ RunTime:0.000116s ]
INFO: Run Behavior\ParseTemplateBehavior [ RunTime:0.004252s ]
INFO: [ view_parse ] --END-- [ RunTime:0.004313s ]
INFO: [ view_filter ] --START--
INFO: Run Behavior\WriteHtmlCacheBehavior [ RunTime:0.000192s ]
INFO: [ view_filter ] --END-- [ RunTime:0.000229s ]
INFO: [ app_end ] --START--
INFO: Run Behavior\ShowPageTraceBehavior [ RunTime:0.000556s ]
INFO: [ app_end ] --END-- [ RunTime:0.000605s ]

[ 2016-10-29T11:49:13+08:00 ] 127.0.0.1 /index.php/home/index/test
INFO: [ app_init ] --START--
INFO: Run Behavior\BuildLiteBehavior [ RunTime:0.000011s ]
INFO: [ app_init ] --END-- [ RunTime:0.000263s ]
INFO: [ app_begin ] --START--
INFO: Run Behavior\ReadHtmlCacheBehavior [ RunTime:0.000327s ]
INFO: [ app_begin ] --END-- [ RunTime:0.000363s ]
INFO: [ view_parse ] --START--
INFO: [ template_filter ] --START--
INFO: Run Behavior\ContentReplaceBehavior [ RunTime:0.000082s ]
INFO: [ template_filter ] --END-- [ RunTime:0.000160s ]
INFO: Run Behavior\ParseTemplateBehavior [ RunTime:0.004700s ]
INFO: [ view_parse ] --END-- [ RunTime:0.004758s ]
INFO: [ view_filter ] --START--
INFO: Run Behavior\WriteHtmlCacheBehavior [ RunTime:0.000179s ]
INFO: [ view_filter ] --END-- [ RunTime:0.000209s ]
INFO: [ app_end ] --START--
INFO: Run Behavior\ShowPageTraceBehavior [ RunTime:0.000480s ]
INFO: [ app_end ] --END-- [ RunTime:0.000522s ]

[ 2016-10-29T11:53:52+08:00 ] 127.0.0.1 /index.php/home/index/test
INFO: [ app_init ] --START--
INFO: Run Behavior\BuildLiteBehavior [ RunTime:0.000012s ]
INFO: [ app_init ] --END-- [ RunTime:0.000276s ]
INFO: [ app_begin ] --START--
INFO: Run Behavior\ReadHtmlCacheBehavior [ RunTime:0.000470s ]
INFO: [ app_begin ] --END-- [ RunTime:0.000517s ]
INFO: [ app_end ] --START--
INFO: Run Behavior\ShowPageTraceBehavior [ RunTime:0.000357s ]
INFO: [ app_end ] --END-- [ RunTime:0.000399s ]

[ 2016-10-29T11:56:32+08:00 ] 127.0.0.1 /index.php/home/index/test
INFO: [ app_init ] --START--
INFO: Run Behavior\BuildLiteBehavior [ RunTime:0.000031s ]
INFO: [ app_init ] --END-- [ RunTime:0.000432s ]
INFO: [ app_begin ] --START--
INFO: Run Behavior\ReadHtmlCacheBehavior [ RunTime:0.000338s ]
INFO: [ app_begin ] --END-- [ RunTime:0.000379s ]
INFO: [ app_end ] --START--
INFO: Run Behavior\ShowPageTraceBehavior [ RunTime:0.000444s ]
INFO: [ app_end ] --END-- [ RunTime:0.000490s ]

[ 2016-10-29T12:00:12+08:00 ] 127.0.0.1 /index.php/home/index/test
INFO: [ app_init ] --START--
INFO: Run Behavior\BuildLiteBehavior [ RunTime:0.000022s ]
INFO: [ app_init ] --END-- [ RunTime:0.000697s ]
INFO: [ app_begin ] --START--
INFO: Run Behavior\ReadHtmlCacheBehavior [ RunTime:0.000612s ]
INFO: [ app_begin ] --END-- [ RunTime:0.000744s ]
INFO: [ app_end ] --START--
INFO: Run Behavior\ShowPageTraceBehavior [ RunTime:0.001129s ]
INFO: [ app_end ] --END-- [ RunTime:0.001334s ]

[ 2016-10-29T12:33:04+08:00 ] 127.0.0.1 /index.php/home/index/test
INFO: [ app_init ] --START--
INFO: Run Behavior\BuildLiteBehavior [ RunTime:0.000009s ]
INFO: [ app_init ] --END-- [ RunTime:0.000246s ]
INFO: [ app_begin ] --START--
INFO: Run Behavior\ReadHtmlCacheBehavior [ RunTime:0.000271s ]
INFO: [ app_begin ] --END-- [ RunTime:0.000301s ]
INFO: [ view_parse ] --START--
INFO: [ template_filter ] --START--
INFO: Run Behavior\ContentReplaceBehavior [ RunTime:0.000050s ]
INFO: [ template_filter ] --END-- [ RunTime:0.000106s ]
INFO: Run Behavior\ParseTemplateBehavior [ RunTime:0.007376s ]
INFO: [ view_parse ] --END-- [ RunTime:0.007427s ]
INFO: [ view_filter ] --START--
INFO: Run Behavior\WriteHtmlCacheBehavior [ RunTime:0.000153s ]
INFO: [ view_filter ] --END-- [ RunTime:0.000182s ]
INFO: [ app_end ] --START--
INFO: Run Behavior\ShowPageTraceBehavior [ RunTime:0.000535s ]
INFO: [ app_end ] --END-- [ RunTime:0.000592s ]

[ 2016-10-29T12:38:27+08:00 ] 127.0.0.1 /index.php/home/index/test
INFO: [ app_init ] --START--
INFO: Run Behavior\BuildLiteBehavior [ RunTime:0.000010s ]
INFO: [ app_init ] --END-- [ RunTime:0.000225s ]
INFO: [ app_begin ] --START--
INFO: Run Behavior\ReadHtmlCacheBehavior [ RunTime:0.000890s ]
INFO: [ app_begin ] --END-- [ RunTime:0.000960s ]
NOTIC: [2] preg_match_all(): Unknown modifier 't' /Users/FMW/www/ofo/OFO/Home/Controller/IndexController.class.php 第 161 行.
NOTIC: [2] preg_match_all(): Unknown modifier 't' /Users/FMW/www/ofo/OFO/Home/Controller/IndexController.class.php 第 161 行.
NOTIC: [2] preg_match_all(): Unknown modifier 't' /Users/FMW/www/ofo/OFO/Home/Controller/IndexController.class.php 第 161 行.
NOTIC: [2] preg_match_all(): Unknown modifier 't' /Users/FMW/www/ofo/OFO/Home/Controller/IndexController.class.php 第 161 行.
NOTIC: [2] preg_match_all(): Unknown modifier 't' /Users/FMW/www/ofo/OFO/Home/Controller/IndexController.class.php 第 161 行.
NOTIC: [2] preg_match_all(): Unknown modifier 't' /Users/FMW/www/ofo/OFO/Home/Controller/IndexController.class.php 第 161 行.
NOTIC: [2] preg_match_all(): Unknown modifier 't' /Users/FMW/www/ofo/OFO/Home/Controller/IndexController.class.php 第 161 行.
NOTIC: [2] preg_match_all(): Unknown modifier 't' /Users/FMW/www/ofo/OFO/Home/Controller/IndexController.class.php 第 161 行.
NOTIC: [2] preg_match_all(): Unknown modifier 't' /Users/FMW/www/ofo/OFO/Home/Controller/IndexController.class.php 第 161 行.
NOTIC: [2] preg_match_all(): Unknown modifier 't' /Users/FMW/www/ofo/OFO/Home/Controller/IndexController.class.php 第 161 行.
NOTIC: [2] preg_match_all(): Unknown modifier 't' /Users/FMW/www/ofo/OFO/Home/Controller/IndexController.class.php 第 161 行.
NOTIC: [2] preg_match_all(): Unknown modifier 't' /Users/FMW/www/ofo/OFO/Home/Controller/IndexController.class.php 第 161 行.
NOTIC: [2] preg_match_all(): Unknown modifier 't' /Users/FMW/www/ofo/OFO/Home/Controller/IndexController.class.php 第 161 行.
NOTIC: [2] preg_match_all(): Unknown modifier 't' /Users/FMW/www/ofo/OFO/Home/Controller/IndexController.class.php 第 161 行.
NOTIC: [2] preg_match_all(): Unknown modifier 't' /Users/FMW/www/ofo/OFO/Home/Controller/IndexController.class.php 第 161 行.
NOTIC: [2] preg_match_all(): Unknown modifier 't' /Users/FMW/www/ofo/OFO/Home/Controller/IndexController.class.php 第 161 行.
INFO: [ app_end ] --START--
INFO: Run Behavior\ShowPageTraceBehavior [ RunTime:0.001492s ]
INFO: [ app_end ] --END-- [ RunTime:0.001578s ]

[ 2016-10-29T12:43:36+08:00 ] 127.0.0.1 /index.php/home/index/test
INFO: [ app_init ] --START--
INFO: Run Behavior\BuildLiteBehavior [ RunTime:0.000037s ]
INFO: [ app_init ] --END-- [ RunTime:0.004231s ]
INFO: [ app_begin ] --START--
INFO: Run Behavior\ReadHtmlCacheBehavior [ RunTime:0.004794s ]
INFO: [ app_begin ] --END-- [ RunTime:0.004880s ]
INFO: [ view_parse ] --START--
INFO: [ template_filter ] --START--
INFO: Run Behavior\ContentReplaceBehavior [ RunTime:0.000117s ]
INFO: [ template_filter ] --END-- [ RunTime:0.000208s ]
INFO: Run Behavior\ParseTemplateBehavior [ RunTime:0.023653s ]
INFO: [ view_parse ] --END-- [ RunTime:0.023728s ]
INFO: [ view_filter ] --START--
INFO: Run Behavior\WriteHtmlCacheBehavior [ RunTime:0.002043s ]
INFO: [ view_filter ] --END-- [ RunTime:0.002091s ]
INFO: [ app_end ] --START--
INFO: Run Behavior\ShowPageTraceBehavior [ RunTime:0.000940s ]
INFO: [ app_end ] --END-- [ RunTime:0.001032s ]

[ 2016-10-29T12:47:43+08:00 ] 127.0.0.1 /index.php/home/index/test
INFO: [ app_init ] --START--
INFO: Run Behavior\BuildLiteBehavior [ RunTime:0.000057s ]
INFO: [ app_init ] --END-- [ RunTime:0.003832s ]
INFO: [ app_begin ] --START--
INFO: Run Behavior\ReadHtmlCacheBehavior [ RunTime:0.003934s ]
INFO: [ app_begin ] --END-- [ RunTime:0.004032s ]
NOTIC: [8] Undefined variable: date /Users/FMW/www/ofo/OFO/Home/Controller/IndexController.class.php 第 165 行.
NOTIC: [2] preg_match_all(): Unknown modifier 't' /Users/FMW/www/ofo/OFO/Home/Controller/IndexController.class.php 第 166 行.
NOTIC: [2] preg_match_all(): Unknown modifier 't' /Users/FMW/www/ofo/OFO/Home/Controller/IndexController.class.php 第 166 行.
NOTIC: [2] preg_match_all(): Unknown modifier 't' /Users/FMW/www/ofo/OFO/Home/Controller/IndexController.class.php 第 166 行.
NOTIC: [2] preg_match_all(): Unknown modifier 't' /Users/FMW/www/ofo/OFO/Home/Controller/IndexController.class.php 第 166 行.
NOTIC: [2] preg_match_all(): Unknown modifier 't' /Users/FMW/www/ofo/OFO/Home/Controller/IndexController.class.php 第 166 行.
NOTIC: [2] preg_match_all(): Unknown modifier 't' /Users/FMW/www/ofo/OFO/Home/Controller/IndexController.class.php 第 166 行.
NOTIC: [2] preg_match_all(): Unknown modifier 't' /Users/FMW/www/ofo/OFO/Home/Controller/IndexController.class.php 第 166 行.
NOTIC: [2] preg_match_all(): Unknown modifier 't' /Users/FMW/www/ofo/OFO/Home/Controller/IndexController.class.php 第 166 行.
NOTIC: [2] preg_match_all(): Unknown modifier 't' /Users/FMW/www/ofo/OFO/Home/Controller/IndexController.class.php 第 166 行.
NOTIC: [2] preg_match_all(): Unknown modifier 't' /Users/FMW/www/ofo/OFO/Home/Controller/IndexController.class.php 第 166 行.
NOTIC: [2] preg_match_all(): Unknown modifier 't' /Users/FMW/www/ofo/OFO/Home/Controller/IndexController.class.php 第 166 行.
NOTIC: [2] preg_match_all(): Unknown modifier 't' /Users/FMW/www/ofo/OFO/Home/Controller/IndexController.class.php 第 166 行.
NOTIC: [2] preg_match_all(): Unknown modifier 't' /Users/FMW/www/ofo/OFO/Home/Controller/IndexController.class.php 第 166 行.
NOTIC: [2] preg_match_all(): Unknown modifier 't' /Users/FMW/www/ofo/OFO/Home/Controller/IndexController.class.php 第 166 行.
NOTIC: [2] preg_match_all(): Unknown modifier 't' /Users/FMW/www/ofo/OFO/Home/Controller/IndexController.class.php 第 166 行.
NOTIC: [8] Undefined offset: 0 /Users/FMW/www/ofo/OFO/Home/Controller/IndexController.class.php 第 164 行.
NOTIC: [8] Undefined offset: 0 /Users/FMW/www/ofo/OFO/Home/Controller/IndexController.class.php 第 164 行.
NOTIC: [2] preg_match_all(): Unknown modifier 't' /Users/FMW/www/ofo/OFO/Home/Controller/IndexController.class.php 第 166 行.
NOTIC: [8] Undefined offset: 0 /Users/FMW/www/ofo/OFO/Home/Controller/IndexController.class.php 第 167 行.
NOTIC: [8] Undefined offset: 0 /Users/FMW/www/ofo/OFO/Home/Controller/IndexController.class.php 第 167 行.
NOTIC: [8] Undefined offset: 0 /Users/FMW/www/ofo/OFO/Home/Controller/IndexController.class.php 第 167 行.
NOTIC: [8] Undefined offset: 0 /Users/FMW/www/ofo/OFO/Home/Controller/IndexController.class.php 第 167 行.
INFO: [ app_end ] --START--
INFO: Run Behavior\ShowPageTraceBehavior [ RunTime:0.004220s ]
INFO: [ app_end ] --END-- [ RunTime:0.004296s ]

[ 2016-10-29T12:50:43+08:00 ] 127.0.0.1 /index.php/home/index/test
INFO: [ app_init ] --START--
INFO: Run Behavior\BuildLiteBehavior [ RunTime:0.000028s ]
INFO: [ app_init ] --END-- [ RunTime:0.000331s ]
INFO: [ app_begin ] --START--
INFO: Run Behavior\ReadHtmlCacheBehavior [ RunTime:0.000318s ]
INFO: [ app_begin ] --END-- [ RunTime:0.000354s ]
NOTIC: [2] preg_match_all(): Unknown modifier 't' /Users/FMW/www/ofo/OFO/Home/Controller/IndexController.class.php 第 166 行.
NOTIC: [2] preg_match_all(): Unknown modifier 't' /Users/FMW/www/ofo/OFO/Home/Controller/IndexController.class.php 第 166 行.
NOTIC: [2] preg_match_all(): Unknown modifier 't' /Users/FMW/www/ofo/OFO/Home/Controller/IndexController.class.php 第 166 行.
NOTIC: [2] preg_match_all(): Unknown modifier 't' /Users/FMW/www/ofo/OFO/Home/Controller/IndexController.class.php 第 166 行.
NOTIC: [2] preg_match_all(): Unknown modifier 't' /Users/FMW/www/ofo/OFO/Home/Controller/IndexController.class.php 第 166 行.
NOTIC: [2] preg_match_all(): Unknown modifier 't' /Users/FMW/www/ofo/OFO/Home/Controller/IndexController.class.php 第 166 行.
NOTIC: [2] preg_match_all(): Unknown modifier 't' /Users/FMW/www/ofo/OFO/Home/Controller/IndexController.class.php 第 166 行.
NOTIC: [2] preg_match_all(): Unknown modifier 't' /Users/FMW/www/ofo/OFO/Home/Controller/IndexController.class.php 第 166 行.
NOTIC: [2] preg_match_all(): Unknown modifier 't' /Users/FMW/www/ofo/OFO/Home/Controller/IndexController.class.php 第 166 行.
NOTIC: [2] preg_match_all(): Unknown modifier 't' /Users/FMW/www/ofo/OFO/Home/Controller/IndexController.class.php 第 166 行.
NOTIC: [2] preg_match_all(): Unknown modifier 't' /Users/FMW/www/ofo/OFO/Home/Controller/IndexController.class.php 第 166 行.
NOTIC: [2] preg_match_all(): Unknown modifier 't' /Users/FMW/www/ofo/OFO/Home/Controller/IndexController.class.php 第 166 行.
NOTIC: [2] preg_match_all(): Unknown modifier 't' /Users/FMW/www/ofo/OFO/Home/Controller/IndexController.class.php 第 166 行.
NOTIC: [2] preg_match_all(): Unknown modifier 't' /Users/FMW/www/ofo/OFO/Home/Controller/IndexController.class.php 第 166 行.
NOTIC: [2] preg_match_all(): Unknown modifier 't' /Users/FMW/www/ofo/OFO/Home/Controller/IndexController.class.php 第 166 行.
NOTIC: [2] preg_match_all(): Unknown modifier 't' /Users/FMW/www/ofo/OFO/Home/Controller/IndexController.class.php 第 166 行.
NOTIC: [8] ob_end_flush(): failed to delete and flush buffer. No buffer to delete or flush /Users/FMW/www/ofo/OFO/Home/Controller/IndexController.class.php 第 171 行.
INFO: [ app_end ] --START--
INFO: Run Behavior\ShowPageTraceBehavior [ RunTime:0.000447s ]
INFO: [ app_end ] --END-- [ RunTime:0.000496s ]

[ 2016-10-29T12:51:46+08:00 ] 127.0.0.1 /index.php/home/index/test
INFO: [ app_init ] --START--
INFO: Run Behavior\BuildLiteBehavior [ RunTime:0.000035s ]
INFO: [ app_init ] --END-- [ RunTime:0.000745s ]
INFO: [ app_begin ] --START--
INFO: Run Behavior\ReadHtmlCacheBehavior [ RunTime:0.001900s ]
INFO: [ app_begin ] --END-- [ RunTime:0.001990s ]
NOTIC: [2] preg_match_all(): Unknown modifier 't' /Users/FMW/www/ofo/OFO/Home/Controller/IndexController.class.php 第 167 行.
NOTIC: [2] preg_match_all(): Unknown modifier 't' /Users/FMW/www/ofo/OFO/Home/Controller/IndexController.class.php 第 167 行.
NOTIC: [2] preg_match_all(): Unknown modifier 't' /Users/FMW/www/ofo/OFO/Home/Controller/IndexController.class.php 第 167 行.
NOTIC: [2] preg_match_all(): Unknown modifier 't' /Users/FMW/www/ofo/OFO/Home/Controller/IndexController.class.php 第 167 行.
NOTIC: [2] preg_match_all(): Unknown modifier 't' /Users/FMW/www/ofo/OFO/Home/Controller/IndexController.class.php 第 167 行.
NOTIC: [2] preg_match_all(): Unknown modifier 't' /Users/FMW/www/ofo/OFO/Home/Controller/IndexController.class.php 第 167 行.
NOTIC: [2] preg_match_all(): Unknown modifier 't' /Users/FMW/www/ofo/OFO/Home/Controller/IndexController.class.php 第 167 行.
NOTIC: [2] preg_match_all(): Unknown modifier 't' /Users/FMW/www/ofo/OFO/Home/Controller/IndexController.class.php 第 167 行.
NOTIC: [2] preg_match_all(): Unknown modifier 't' /Users/FMW/www/ofo/OFO/Home/Controller/IndexController.class.php 第 167 行.
NOTIC: [2] preg_match_all(): Unknown modifier 't' /Users/FMW/www/ofo/OFO/Home/Controller/IndexController.class.php 第 167 行.
NOTIC: [2] preg_match_all(): Unknown modifier 't' /Users/FMW/www/ofo/OFO/Home/Controller/IndexController.class.php 第 167 行.
NOTIC: [2] preg_match_all(): Unknown modifier 't' /Users/FMW/www/ofo/OFO/Home/Controller/IndexController.class.php 第 167 行.
NOTIC: [2] preg_match_all(): Unknown modifier 't' /Users/FMW/www/ofo/OFO/Home/Controller/IndexController.class.php 第 167 行.
NOTIC: [2] preg_match_all(): Unknown modifier 't' /Users/FMW/www/ofo/OFO/Home/Controller/IndexController.class.php 第 167 行.
NOTIC: [2] preg_match_all(): Unknown modifier 't' /Users/FMW/www/ofo/OFO/Home/Controller/IndexController.class.php 第 167 行.
NOTIC: [2] preg_match_all(): Unknown modifier 't' /Users/FMW/www/ofo/OFO/Home/Controller/IndexController.class.php 第 167 行.
NOTIC: [8] ob_end_flush(): failed to delete and flush buffer. No buffer to delete or flush /Users/FMW/www/ofo/OFO/Home/Controller/IndexController.class.php 第 172 行.
INFO: [ app_end ] --START--
INFO: Run Behavior\ShowPageTraceBehavior [ RunTime:0.000756s ]
INFO: [ app_end ] --END-- [ RunTime:0.000823s ]

[ 2016-10-29T12:52:17+08:00 ] 127.0.0.1 /index.php/home/index/test
INFO: [ app_init ] --START--
INFO: Run Behavior\BuildLiteBehavior [ RunTime:0.000069s ]
INFO: [ app_init ] --END-- [ RunTime:0.000549s ]
INFO: [ app_begin ] --START--
INFO: Run Behavior\ReadHtmlCacheBehavior [ RunTime:0.000496s ]
INFO: [ app_begin ] --END-- [ RunTime:0.000615s ]
NOTIC: [2] preg_match_all(): Unknown modifier 't' /Users/FMW/www/ofo/OFO/Home/Controller/IndexController.class.php 第 166 行.
NOTIC: [2] preg_match_all(): Unknown modifier 't' /Users/FMW/www/ofo/OFO/Home/Controller/IndexController.class.php 第 166 行.
NOTIC: [2] preg_match_all(): Unknown modifier 't' /Users/FMW/www/ofo/OFO/Home/Controller/IndexController.class.php 第 166 行.
NOTIC: [2] preg_match_all(): Unknown modifier 't' /Users/FMW/www/ofo/OFO/Home/Controller/IndexController.class.php 第 166 行.
NOTIC: [2] preg_match_all(): Unknown modifier 't' /Users/FMW/www/ofo/OFO/Home/Controller/IndexController.class.php 第 166 行.
NOTIC: [2] preg_match_all(): Unknown modifier 't' /Users/FMW/www/ofo/OFO/Home/Controller/IndexController.class.php 第 166 行.
NOTIC: [2] preg_match_all(): Unknown modifier 't' /Users/FMW/www/ofo/OFO/Home/Controller/IndexController.class.php 第 166 行.
NOTIC: [2] preg_match_all(): Unknown modifier 't' /Users/FMW/www/ofo/OFO/Home/Controller/IndexController.class.php 第 166 行.
NOTIC: [2] preg_match_all(): Unknown modifier 't' /Users/FMW/www/ofo/OFO/Home/Controller/IndexController.class.php 第 166 行.
NOTIC: [2] preg_match_all(): Unknown modifier 't' /Users/FMW/www/ofo/OFO/Home/Controller/IndexController.class.php 第 166 行.
NOTIC: [2] preg_match_all(): Unknown modifier 't' /Users/FMW/www/ofo/OFO/Home/Controller/IndexController.class.php 第 166 行.
NOTIC: [2] preg_match_all(): Unknown modifier 't' /Users/FMW/www/ofo/OFO/Home/Controller/IndexController.class.php 第 166 行.
NOTIC: [2] preg_match_all(): Unknown modifier 't' /Users/FMW/www/ofo/OFO/Home/Controller/IndexController.class.php 第 166 行.
NOTIC: [2] preg_match_all(): Unknown modifier 't' /Users/FMW/www/ofo/OFO/Home/Controller/IndexController.class.php 第 166 行.
NOTIC: [2] preg_match_all(): Unknown modifier 't' /Users/FMW/www/ofo/OFO/Home/Controller/IndexController.class.php 第 166 行.
NOTIC: [2] preg_match_all(): Unknown modifier 't' /Users/FMW/www/ofo/OFO/Home/Controller/IndexController.class.php 第 166 行.
NOTIC: [8] ob_end_flush(): failed to delete and flush buffer. No buffer to delete or flush /Users/FMW/www/ofo/OFO/Home/Controller/IndexController.class.php 第 171 行.
INFO: [ app_end ] --START--
INFO: Run Behavior\ShowPageTraceBehavior [ RunTime:0.000792s ]
INFO: [ app_end ] --END-- [ RunTime:0.000867s ]

[ 2016-10-29T12:52:51+08:00 ] 127.0.0.1 /index.php/home/index/test
INFO: [ app_init ] --START--
INFO: Run Behavior\BuildLiteBehavior [ RunTime:0.000013s ]
INFO: [ app_init ] --END-- [ RunTime:0.000350s ]
INFO: [ app_begin ] --START--
INFO: Run Behavior\ReadHtmlCacheBehavior [ RunTime:0.000331s ]
INFO: [ app_begin ] --END-- [ RunTime:0.000407s ]
NOTIC: [2] preg_match_all(): Unknown modifier 't' /Users/FMW/www/ofo/OFO/Home/Controller/IndexController.class.php 第 166 行.
NOTIC: [2] preg_match_all(): Unknown modifier 't' /Users/FMW/www/ofo/OFO/Home/Controller/IndexController.class.php 第 166 行.
NOTIC: [2] preg_match_all(): Unknown modifier 't' /Users/FMW/www/ofo/OFO/Home/Controller/IndexController.class.php 第 166 行.
NOTIC: [2] preg_match_all(): Unknown modifier 't' /Users/FMW/www/ofo/OFO/Home/Controller/IndexController.class.php 第 166 行.
NOTIC: [2] preg_match_all(): Unknown modifier 't' /Users/FMW/www/ofo/OFO/Home/Controller/IndexController.class.php 第 166 行.
NOTIC: [2] preg_match_all(): Unknown modifier 't' /Users/FMW/www/ofo/OFO/Home/Controller/IndexController.class.php 第 166 行.
NOTIC: [2] preg_match_all(): Unknown modifier 't' /Users/FMW/www/ofo/OFO/Home/Controller/IndexController.class.php 第 166 行.
NOTIC: [2] preg_match_all(): Unknown modifier 't' /Users/FMW/www/ofo/OFO/Home/Controller/IndexController.class.php 第 166 行.
NOTIC: [2] preg_match_all(): Unknown modifier 't' /Users/FMW/www/ofo/OFO/Home/Controller/IndexController.class.php 第 166 行.
NOTIC: [2] preg_match_all(): Unknown modifier 't' /Users/FMW/www/ofo/OFO/Home/Controller/IndexController.class.php 第 166 行.
NOTIC: [2] preg_match_all(): Unknown modifier 't' /Users/FMW/www/ofo/OFO/Home/Controller/IndexController.class.php 第 166 行.
NOTIC: [2] preg_match_all(): Unknown modifier 't' /Users/FMW/www/ofo/OFO/Home/Controller/IndexController.class.php 第 166 行.
NOTIC: [2] preg_match_all(): Unknown modifier 't' /Users/FMW/www/ofo/OFO/Home/Controller/IndexController.class.php 第 166 行.
NOTIC: [2] preg_match_all(): Unknown modifier 't' /Users/FMW/www/ofo/OFO/Home/Controller/IndexController.class.php 第 166 行.
NOTIC: [2] preg_match_all(): Unknown modifier 't' /Users/FMW/www/ofo/OFO/Home/Controller/IndexController.class.php 第 166 行.
NOTIC: [2] preg_match_all(): Unknown modifier 't' /Users/FMW/www/ofo/OFO/Home/Controller/IndexController.class.php 第 166 行.
NOTIC: [8] ob_end_flush(): failed to delete and flush buffer. No buffer to delete or flush /Users/FMW/www/ofo/OFO/Home/Controller/IndexController.class.php 第 172 行.
INFO: [ app_end ] --START--
INFO: Run Behavior\ShowPageTraceBehavior [ RunTime:0.000994s ]
INFO: [ app_end ] --END-- [ RunTime:0.001093s ]

[ 2016-10-29T12:53:17+08:00 ] 127.0.0.1 /index.php/home/index/test
INFO: [ app_init ] --START--
INFO: Run Behavior\BuildLiteBehavior [ RunTime:0.000042s ]
INFO: [ app_init ] --END-- [ RunTime:0.000928s ]
INFO: [ app_begin ] --START--
INFO: Run Behavior\ReadHtmlCacheBehavior [ RunTime:0.000434s ]
INFO: [ app_begin ] --END-- [ RunTime:0.000478s ]
NOTIC: [2] preg_match_all(): Unknown modifier 't' /Users/FMW/www/ofo/OFO/Home/Controller/IndexController.class.php 第 166 行.
NOTIC: [2] preg_match_all(): Unknown modifier 't' /Users/FMW/www/ofo/OFO/Home/Controller/IndexController.class.php 第 166 行.
NOTIC: [2] preg_match_all(): Unknown modifier 't' /Users/FMW/www/ofo/OFO/Home/Controller/IndexController.class.php 第 166 行.
NOTIC: [2] preg_match_all(): Unknown modifier 't' /Users/FMW/www/ofo/OFO/Home/Controller/IndexController.class.php 第 166 行.
NOTIC: [2] preg_match_all(): Unknown modifier 't' /Users/FMW/www/ofo/OFO/Home/Controller/IndexController.class.php 第 166 行.
NOTIC: [2] preg_match_all(): Unknown modifier 't' /Users/FMW/www/ofo/OFO/Home/Controller/IndexController.class.php 第 166 行.
NOTIC: [2] preg_match_all(): Unknown modifier 't' /Users/FMW/www/ofo/OFO/Home/Controller/IndexController.class.php 第 166 行.
NOTIC: [2] preg_match_all(): Unknown modifier 't' /Users/FMW/www/ofo/OFO/Home/Controller/IndexController.class.php 第 166 行.
NOTIC: [2] preg_match_all(): Unknown modifier 't' /Users/FMW/www/ofo/OFO/Home/Controller/IndexController.class.php 第 166 行.
NOTIC: [2] preg_match_all(): Unknown modifier 't' /Users/FMW/www/ofo/OFO/Home/Controller/IndexController.class.php 第 166 行.
NOTIC: [2] preg_match_all(): Unknown modifier 't' /Users/FMW/www/ofo/OFO/Home/Controller/IndexController.class.php 第 166 行.
NOTIC: [2] preg_match_all(): Unknown modifier 't' /Users/FMW/www/ofo/OFO/Home/Controller/IndexController.class.php 第 166 行.
NOTIC: [2] preg_match_all(): Unknown modifier 't' /Users/FMW/www/ofo/OFO/Home/Controller/IndexController.class.php 第 166 行.
NOTIC: [2] preg_match_all(): Unknown modifier 't' /Users/FMW/www/ofo/OFO/Home/Controller/IndexController.class.php 第 166 行.
NOTIC: [2] preg_match_all(): Unknown modifier 't' /Users/FMW/www/ofo/OFO/Home/Controller/IndexController.class.php 第 166 行.
NOTIC: [2] preg_match_all(): Unknown modifier 't' /Users/FMW/www/ofo/OFO/Home/Controller/IndexController.class.php 第 166 行.
NOTIC: [8] ob_end_flush(): failed to delete and flush buffer. No buffer to delete or flush /Users/FMW/www/ofo/OFO/Home/Controller/IndexController.class.php 第 172 行.
INFO: [ app_end ] --START--
INFO: Run Behavior\ShowPageTraceBehavior [ RunTime:0.001436s ]
INFO: [ app_end ] --END-- [ RunTime:0.001568s ]

[ 2016-10-29T12:53:33+08:00 ] 127.0.0.1 /index.php/home/index/test
INFO: [ app_init ] --START--
INFO: Run Behavior\BuildLiteBehavior [ RunTime:0.000022s ]
INFO: [ app_init ] --END-- [ RunTime:0.000638s ]
INFO: [ app_begin ] --START--
INFO: Run Behavior\ReadHtmlCacheBehavior [ RunTime:0.000562s ]
INFO: [ app_begin ] --END-- [ RunTime:0.000630s ]
NOTIC: [2] preg_match_all(): Unknown modifier 't' /Users/FMW/www/ofo/OFO/Home/Controller/IndexController.class.php 第 166 行.
NOTIC: [2] preg_match_all(): Unknown modifier 't' /Users/FMW/www/ofo/OFO/Home/Controller/IndexController.class.php 第 166 行.
NOTIC: [2] preg_match_all(): Unknown modifier 't' /Users/FMW/www/ofo/OFO/Home/Controller/IndexController.class.php 第 166 行.
NOTIC: [2] preg_match_all(): Unknown modifier 't' /Users/FMW/www/ofo/OFO/Home/Controller/IndexController.class.php 第 166 行.
NOTIC: [2] preg_match_all(): Unknown modifier 't' /Users/FMW/www/ofo/OFO/Home/Controller/IndexController.class.php 第 166 行.
NOTIC: [2] preg_match_all(): Unknown modifier 't' /Users/FMW/www/ofo/OFO/Home/Controller/IndexController.class.php 第 166 行.
NOTIC: [2] preg_match_all(): Unknown modifier 't' /Users/FMW/www/ofo/OFO/Home/Controller/IndexController.class.php 第 166 行.
NOTIC: [2] preg_match_all(): Unknown modifier 't' /Users/FMW/www/ofo/OFO/Home/Controller/IndexController.class.php 第 166 行.
NOTIC: [2] preg_match_all(): Unknown modifier 't' /Users/FMW/www/ofo/OFO/Home/Controller/IndexController.class.php 第 166 行.
NOTIC: [2] preg_match_all(): Unknown modifier 't' /Users/FMW/www/ofo/OFO/Home/Controller/IndexController.class.php 第 166 行.
NOTIC: [2] preg_match_all(): Unknown modifier 't' /Users/FMW/www/ofo/OFO/Home/Controller/IndexController.class.php 第 166 行.
NOTIC: [2] preg_match_all(): Unknown modifier 't' /Users/FMW/www/ofo/OFO/Home/Controller/IndexController.class.php 第 166 行.
NOTIC: [2] preg_match_all(): Unknown modifier 't' /Users/FMW/www/ofo/OFO/Home/Controller/IndexController.class.php 第 166 行.
NOTIC: [2] preg_match_all(): Unknown modifier 't' /Users/FMW/www/ofo/OFO/Home/Controller/IndexController.class.php 第 166 行.
NOTIC: [2] preg_match_all(): Unknown modifier 't' /Users/FMW/www/ofo/OFO/Home/Controller/IndexController.class.php 第 166 行.
NOTIC: [2] preg_match_all(): Unknown modifier 't' /Users/FMW/www/ofo/OFO/Home/Controller/IndexController.class.php 第 166 行.
NOTIC: [8] ob_end_flush(): failed to delete and flush buffer. No buffer to delete or flush /Users/FMW/www/ofo/OFO/Home/Controller/IndexController.class.php 第 172 行.
INFO: [ app_end ] --START--
INFO: Run Behavior\ShowPageTraceBehavior [ RunTime:0.002415s ]
INFO: [ app_end ] --END-- [ RunTime:0.002737s ]

[ 2016-10-29T12:53:43+08:00 ] 127.0.0.1 /index.php/home/index/test
INFO: [ app_init ] --START--
INFO: Run Behavior\BuildLiteBehavior [ RunTime:0.000038s ]
INFO: [ app_init ] --END-- [ RunTime:0.000939s ]
INFO: [ app_begin ] --START--
INFO: Run Behavior\ReadHtmlCacheBehavior [ RunTime:0.001146s ]
INFO: [ app_begin ] --END-- [ RunTime:0.001248s ]
NOTIC: [2] preg_match_all(): Unknown modifier 't' /Users/FMW/www/ofo/OFO/Home/Controller/IndexController.class.php 第 166 行.
NOTIC: [2] preg_match_all(): Unknown modifier 't' /Users/FMW/www/ofo/OFO/Home/Controller/IndexController.class.php 第 166 行.
NOTIC: [2] preg_match_all(): Unknown modifier 't' /Users/FMW/www/ofo/OFO/Home/Controller/IndexController.class.php 第 166 行.
NOTIC: [2] preg_match_all(): Unknown modifier 't' /Users/FMW/www/ofo/OFO/Home/Controller/IndexController.class.php 第 166 行.
NOTIC: [2] preg_match_all(): Unknown modifier 't' /Users/FMW/www/ofo/OFO/Home/Controller/IndexController.class.php 第 166 行.
NOTIC: [2] preg_match_all(): Unknown modifier 't' /Users/FMW/www/ofo/OFO/Home/Controller/IndexController.class.php 第 166 行.
NOTIC: [2] preg_match_all(): Unknown modifier 't' /Users/FMW/www/ofo/OFO/Home/Controller/IndexController.class.php 第 166 行.
NOTIC: [2] preg_match_all(): Unknown modifier 't' /Users/FMW/www/ofo/OFO/Home/Controller/IndexController.class.php 第 166 行.
NOTIC: [2] preg_match_all(): Unknown modifier 't' /Users/FMW/www/ofo/OFO/Home/Controller/IndexController.class.php 第 166 行.
NOTIC: [2] preg_match_all(): Unknown modifier 't' /Users/FMW/www/ofo/OFO/Home/Controller/IndexController.class.php 第 166 行.
NOTIC: [2] preg_match_all(): Unknown modifier 't' /Users/FMW/www/ofo/OFO/Home/Controller/IndexController.class.php 第 166 行.
NOTIC: [2] preg_match_all(): Unknown modifier 't' /Users/FMW/www/ofo/OFO/Home/Controller/IndexController.class.php 第 166 行.
NOTIC: [2] preg_match_all(): Unknown modifier 't' /Users/FMW/www/ofo/OFO/Home/Controller/IndexController.class.php 第 166 行.
NOTIC: [2] preg_match_all(): Unknown modifier 't' /Users/FMW/www/ofo/OFO/Home/Controller/IndexController.class.php 第 166 行.
NOTIC: [2] preg_match_all(): Unknown modifier 't' /Users/FMW/www/ofo/OFO/Home/Controller/IndexController.class.php 第 166 行.
NOTIC: [2] preg_match_all(): Unknown modifier 't' /Users/FMW/www/ofo/OFO/Home/Controller/IndexController.class.php 第 166 行.
NOTIC: [8] ob_end_flush(): failed to delete and flush buffer. No buffer to delete or flush /Users/FMW/www/ofo/OFO/Home/Controller/IndexController.class.php 第 172 行.
INFO: [ app_end ] --START--
INFO: Run Behavior\ShowPageTraceBehavior [ RunTime:0.001527s ]
INFO: [ app_end ] --END-- [ RunTime:0.001640s ]

[ 2016-10-29T12:54:11+08:00 ] 127.0.0.1 /index.php/home/index/test
INFO: [ app_init ] --START--
INFO: Run Behavior\BuildLiteBehavior [ RunTime:0.000019s ]
INFO: [ app_init ] --END-- [ RunTime:0.000828s ]
INFO: [ app_begin ] --START--
INFO: Run Behavior\ReadHtmlCacheBehavior [ RunTime:0.000605s ]
INFO: [ app_begin ] --END-- [ RunTime:0.000694s ]
NOTIC: [2] preg_match_all(): Unknown modifier 't' /Users/FMW/www/ofo/OFO/Home/Controller/IndexController.class.php 第 166 行.
NOTIC: [2] preg_match_all(): Unknown modifier 't' /Users/FMW/www/ofo/OFO/Home/Controller/IndexController.class.php 第 166 行.
NOTIC: [2] preg_match_all(): Unknown modifier 't' /Users/FMW/www/ofo/OFO/Home/Controller/IndexController.class.php 第 166 行.
NOTIC: [2] preg_match_all(): Unknown modifier 't' /Users/FMW/www/ofo/OFO/Home/Controller/IndexController.class.php 第 166 行.
NOTIC: [2] preg_match_all(): Unknown modifier 't' /Users/FMW/www/ofo/OFO/Home/Controller/IndexController.class.php 第 166 行.
NOTIC: [2] preg_match_all(): Unknown modifier 't' /Users/FMW/www/ofo/OFO/Home/Controller/IndexController.class.php 第 166 行.
NOTIC: [2] preg_match_all(): Unknown modifier 't' /Users/FMW/www/ofo/OFO/Home/Controller/IndexController.class.php 第 166 行.
NOTIC: [2] preg_match_all(): Unknown modifier 't' /Users/FMW/www/ofo/OFO/Home/Controller/IndexController.class.php 第 166 行.
NOTIC: [2] preg_match_all(): Unknown modifier 't' /Users/FMW/www/ofo/OFO/Home/Controller/IndexController.class.php 第 166 行.
NOTIC: [2] preg_match_all(): Unknown modifier 't' /Users/FMW/www/ofo/OFO/Home/Controller/IndexController.class.php 第 166 行.
NOTIC: [2] preg_match_all(): Unknown modifier 't' /Users/FMW/www/ofo/OFO/Home/Controller/IndexController.class.php 第 166 行.
NOTIC: [2] preg_match_all(): Unknown modifier 't' /Users/FMW/www/ofo/OFO/Home/Controller/IndexController.class.php 第 166 行.
NOTIC: [2] preg_match_all(): Unknown modifier 't' /Users/FMW/www/ofo/OFO/Home/Controller/IndexController.class.php 第 166 行.
NOTIC: [2] preg_match_all(): Unknown modifier 't' /Users/FMW/www/ofo/OFO/Home/Controller/IndexController.class.php 第 166 行.
NOTIC: [2] preg_match_all(): Unknown modifier 't' /Users/FMW/www/ofo/OFO/Home/Controller/IndexController.class.php 第 166 行.
NOTIC: [2] preg_match_all(): Unknown modifier 't' /Users/FMW/www/ofo/OFO/Home/Controller/IndexController.class.php 第 166 行.
NOTIC: [8] ob_end_flush(): failed to delete and flush buffer. No buffer to delete or flush /Users/FMW/www/ofo/OFO/Home/Controller/IndexController.class.php 第 172 行.
INFO: [ app_end ] --START--
INFO: Run Behavior\ShowPageTraceBehavior [ RunTime:0.000791s ]
INFO: [ app_end ] --END-- [ RunTime:0.000955s ]

[ 2016-10-29T12:54:43+08:00 ] 127.0.0.1 /index.php/home/index/test
INFO: [ app_init ] --START--
INFO: Run Behavior\BuildLiteBehavior [ RunTime:0.000021s ]
INFO: [ app_init ] --END-- [ RunTime:0.001439s ]
INFO: [ app_begin ] --START--
INFO: Run Behavior\ReadHtmlCacheBehavior [ RunTime:0.002115s ]
INFO: [ app_begin ] --END-- [ RunTime:0.002210s ]
NOTIC: [2] preg_match_all(): Unknown modifier 't' /Users/FMW/www/ofo/OFO/Home/Controller/IndexController.class.php 第 163 行.
NOTIC: [2] preg_match_all(): Unknown modifier 't' /Users/FMW/www/ofo/OFO/Home/Controller/IndexController.class.php 第 163 行.
NOTIC: [2] preg_match_all(): Unknown modifier 't' /Users/FMW/www/ofo/OFO/Home/Controller/IndexController.class.php 第 163 行.
NOTIC: [2] preg_match_all(): Unknown modifier 't' /Users/FMW/www/ofo/OFO/Home/Controller/IndexController.class.php 第 163 行.
NOTIC: [2] preg_match_all(): Unknown modifier 't' /Users/FMW/www/ofo/OFO/Home/Controller/IndexController.class.php 第 163 行.
NOTIC: [2] preg_match_all(): Unknown modifier 't' /Users/FMW/www/ofo/OFO/Home/Controller/IndexController.class.php 第 163 行.
NOTIC: [2] preg_match_all(): Unknown modifier 't' /Users/FMW/www/ofo/OFO/Home/Controller/IndexController.class.php 第 163 行.
NOTIC: [2] preg_match_all(): Unknown modifier 't' /Users/FMW/www/ofo/OFO/Home/Controller/IndexController.class.php 第 163 行.
NOTIC: [2] preg_match_all(): Unknown modifier 't' /Users/FMW/www/ofo/OFO/Home/Controller/IndexController.class.php 第 163 行.
NOTIC: [2] preg_match_all(): Unknown modifier 't' /Users/FMW/www/ofo/OFO/Home/Controller/IndexController.class.php 第 163 行.
NOTIC: [2] preg_match_all(): Unknown modifier 't' /Users/FMW/www/ofo/OFO/Home/Controller/IndexController.class.php 第 163 行.
NOTIC: [2] preg_match_all(): Unknown modifier 't' /Users/FMW/www/ofo/OFO/Home/Controller/IndexController.class.php 第 163 行.
NOTIC: [2] preg_match_all(): Unknown modifier 't' /Users/FMW/www/ofo/OFO/Home/Controller/IndexController.class.php 第 163 行.
NOTIC: [2] preg_match_all(): Unknown modifier 't' /Users/FMW/www/ofo/OFO/Home/Controller/IndexController.class.php 第 163 行.
NOTIC: [2] preg_match_all(): Unknown modifier 't' /Users/FMW/www/ofo/OFO/Home/Controller/IndexController.class.php 第 163 行.
NOTIC: [2] preg_match_all(): Unknown modifier 't' /Users/FMW/www/ofo/OFO/Home/Controller/IndexController.class.php 第 163 行.
NOTIC: [8] ob_end_flush(): failed to delete and flush buffer. No buffer to delete or flush /Users/FMW/www/ofo/OFO/Home/Controller/IndexController.class.php 第 172 行.
INFO: [ app_end ] --START--
INFO: Run Behavior\ShowPageTraceBehavior [ RunTime:0.000863s ]
INFO: [ app_end ] --END-- [ RunTime:0.000931s ]

[ 2016-10-29T12:55:49+08:00 ] 127.0.0.1 /index.php/home/index/test
INFO: [ app_init ] --START--
INFO: Run Behavior\BuildLiteBehavior [ RunTime:0.000030s ]
INFO: [ app_init ] --END-- [ RunTime:0.001253s ]
INFO: [ app_begin ] --START--
INFO: Run Behavior\ReadHtmlCacheBehavior [ RunTime:0.000964s ]
INFO: [ app_begin ] --END-- [ RunTime:0.001062s ]
NOTIC: [2] preg_match_all(): Unknown modifier 't' /Users/FMW/www/ofo/OFO/Home/Controller/IndexController.class.php 第 163 行.
NOTIC: [2] preg_match_all(): Unknown modifier 't' /Users/FMW/www/ofo/OFO/Home/Controller/IndexController.class.php 第 163 行.
NOTIC: [2] preg_match_all(): Unknown modifier 't' /Users/FMW/www/ofo/OFO/Home/Controller/IndexController.class.php 第 163 行.
NOTIC: [2] preg_match_all(): Unknown modifier 't' /Users/FMW/www/ofo/OFO/Home/Controller/IndexController.class.php 第 163 行.
NOTIC: [2] preg_match_all(): Unknown modifier 't' /Users/FMW/www/ofo/OFO/Home/Controller/IndexController.class.php 第 163 行.
NOTIC: [2] preg_match_all(): Unknown modifier 't' /Users/FMW/www/ofo/OFO/Home/Controller/IndexController.class.php 第 163 行.
NOTIC: [2] preg_match_all(): Unknown modifier 't' /Users/FMW/www/ofo/OFO/Home/Controller/IndexController.class.php 第 163 行.
NOTIC: [2] preg_match_all(): Unknown modifier 't' /Users/FMW/www/ofo/OFO/Home/Controller/IndexController.class.php 第 163 行.
NOTIC: [2] preg_match_all(): Unknown modifier 't' /Users/FMW/www/ofo/OFO/Home/Controller/IndexController.class.php 第 163 行.
NOTIC: [2] preg_match_all(): Unknown modifier 't' /Users/FMW/www/ofo/OFO/Home/Controller/IndexController.class.php 第 163 行.
NOTIC: [2] preg_match_all(): Unknown modifier 't' /Users/FMW/www/ofo/OFO/Home/Controller/IndexController.class.php 第 163 行.
NOTIC: [2] preg_match_all(): Unknown modifier 't' /Users/FMW/www/ofo/OFO/Home/Controller/IndexController.class.php 第 163 行.
NOTIC: [2] preg_match_all(): Unknown modifier 't' /Users/FMW/www/ofo/OFO/Home/Controller/IndexController.class.php 第 163 行.
NOTIC: [2] preg_match_all(): Unknown modifier 't' /Users/FMW/www/ofo/OFO/Home/Controller/IndexController.class.php 第 163 行.
NOTIC: [2] preg_match_all(): Unknown modifier 't' /Users/FMW/www/ofo/OFO/Home/Controller/IndexController.class.php 第 163 行.
NOTIC: [2] preg_match_all(): Unknown modifier 't' /Users/FMW/www/ofo/OFO/Home/Controller/IndexController.class.php 第 163 行.
NOTIC: [8] ob_end_flush(): failed to delete and flush buffer. No buffer to delete or flush /Users/FMW/www/ofo/OFO/Home/Controller/IndexController.class.php 第 172 行.
INFO: [ app_end ] --START--
INFO: Run Behavior\ShowPageTraceBehavior [ RunTime:0.000623s ]
INFO: [ app_end ] --END-- [ RunTime:0.000677s ]

[ 2016-10-29T13:25:43+08:00 ] 127.0.0.1 /index.php/home/index/test
INFO: [ app_init ] --START--
INFO: Run Behavior\BuildLiteBehavior [ RunTime:0.000011s ]
INFO: [ app_init ] --END-- [ RunTime:0.000237s ]
INFO: [ app_begin ] --START--
INFO: Run Behavior\ReadHtmlCacheBehavior [ RunTime:0.000440s ]
INFO: [ app_begin ] --END-- [ RunTime:0.000495s ]
NOTIC: [2] preg_match_all(): Unknown modifier 't' /Users/FMW/www/ofo/OFO/Home/Controller/IndexController.class.php 第 163 行.
NOTIC: [8] Undefined offset: 0 /Users/FMW/www/ofo/OFO/Home/Controller/IndexController.class.php 第 165 行.
NOTIC: [8] Undefined offset: 0 /Users/FMW/www/ofo/OFO/Home/Controller/IndexController.class.php 第 165 行.
NOTIC: [8] Undefined offset: 0 /Users/FMW/www/ofo/OFO/Home/Controller/IndexController.class.php 第 168 行.
NOTIC: [8] Undefined offset: 0 /Users/FMW/www/ofo/OFO/Home/Controller/IndexController.class.php 第 168 行.
NOTIC: [8] Undefined offset: 0 /Users/FMW/www/ofo/OFO/Home/Controller/IndexController.class.php 第 168 行.
NOTIC: [8] Undefined offset: 0 /Users/FMW/www/ofo/OFO/Home/Controller/IndexController.class.php 第 168 行.
NOTIC: [2] preg_match_all(): Unknown modifier 't' /Users/FMW/www/ofo/OFO/Home/Controller/IndexController.class.php 第 163 行.
NOTIC: [2] preg_match_all(): Unknown modifier 't' /Users/FMW/www/ofo/OFO/Home/Controller/IndexController.class.php 第 163 行.
NOTIC: [2] preg_match_all(): Unknown modifier 't' /Users/FMW/www/ofo/OFO/Home/Controller/IndexController.class.php 第 163 行.
NOTIC: [2] preg_match_all(): Unknown modifier 't' /Users/FMW/www/ofo/OFO/Home/Controller/IndexController.class.php 第 163 行.
NOTIC: [2] preg_match_all(): Unknown modifier 't' /Users/FMW/www/ofo/OFO/Home/Controller/IndexController.class.php 第 163 行.
NOTIC: [2] preg_match_all(): Unknown modifier 't' /Users/FMW/www/ofo/OFO/Home/Controller/IndexController.class.php 第 163 行.
NOTIC: [2] preg_match_all(): Unknown modifier 't' /Users/FMW/www/ofo/OFO/Home/Controller/IndexController.class.php 第 163 行.
NOTIC: [2] preg_match_all(): Unknown modifier 't' /Users/FMW/www/ofo/OFO/Home/Controller/IndexController.class.php 第 163 行.
NOTIC: [2] preg_match_all(): Unknown modifier 't' /Users/FMW/www/ofo/OFO/Home/Controller/IndexController.class.php 第 163 行.
NOTIC: [2] preg_match_all(): Unknown modifier 't' /Users/FMW/www/ofo/OFO/Home/Controller/IndexController.class.php 第 163 行.
NOTIC: [2] preg_match_all(): Unknown modifier 't' /Users/FMW/www/ofo/OFO/Home/Controller/IndexController.class.php 第 163 行.
NOTIC: [2] preg_match_all(): Unknown modifier 't' /Users/FMW/www/ofo/OFO/Home/Controller/IndexController.class.php 第 163 行.
NOTIC: [8] Undefined offset: 0 /Users/FMW/www/ofo/OFO/Home/Controller/IndexController.class.php 第 165 行.
NOTIC: [8] Undefined offset: 0 /Users/FMW/www/ofo/OFO/Home/Controller/IndexController.class.php 第 165 行.
NOTIC: [8] Undefined offset: 0 /Users/FMW/www/ofo/OFO/Home/Controller/IndexController.class.php 第 168 行.
NOTIC: [8] Undefined offset: 0 /Users/FMW/www/ofo/OFO/Home/Controller/IndexController.class.php 第 168 行.
NOTIC: [8] Undefined offset: 0 /Users/FMW/www/ofo/OFO/Home/Controller/IndexController.class.php 第 168 行.
NOTIC: [8] Undefined offset: 0 /Users/FMW/www/ofo/OFO/Home/Controller/IndexController.class.php 第 168 行.
NOTIC: [2] preg_match_all(): Unknown modifier 't' /Users/FMW/www/ofo/OFO/Home/Controller/IndexController.class.php 第 163 行.
NOTIC: [8] Undefined offset: 0 /Users/FMW/www/ofo/OFO/Home/Controller/IndexController.class.php 第 165 行.
NOTIC: [8] Undefined offset: 0 /Users/FMW/www/ofo/OFO/Home/Controller/IndexController.class.php 第 165 行.
NOTIC: [8] Undefined offset: 0 /Users/FMW/www/ofo/OFO/Home/Controller/IndexController.class.php 第 168 行.
NOTIC: [8] Undefined offset: 0 /Users/FMW/www/ofo/OFO/Home/Controller/IndexController.class.php 第 168 行.
NOTIC: [8] Undefined offset: 0 /Users/FMW/www/ofo/OFO/Home/Controller/IndexController.class.php 第 168 行.
NOTIC: [8] Undefined offset: 0 /Users/FMW/www/ofo/OFO/Home/Controller/IndexController.class.php 第 168 行.
NOTIC: [2] preg_match_all(): Unknown modifier 't' /Users/FMW/www/ofo/OFO/Home/Controller/IndexController.class.php 第 163 行.
NOTIC: [2] preg_match_all(): Unknown modifier 't' /Users/FMW/www/ofo/OFO/Home/Controller/IndexController.class.php 第 163 行.
NOTIC: [8] ob_end_flush(): failed to delete and flush buffer. No buffer to delete or flush /Users/FMW/www/ofo/OFO/Home/Controller/IndexController.class.php 第 172 行.
INFO: [ app_end ] --START--
INFO: Run Behavior\ShowPageTraceBehavior [ RunTime:0.001634s ]
INFO: [ app_end ] --END-- [ RunTime:0.001736s ]

[ 2016-10-29T13:32:36+08:00 ] 127.0.0.1 /index.php/home/index/test
INFO: [ app_init ] --START--
INFO: Run Behavior\BuildLiteBehavior [ RunTime:0.000021s ]
INFO: [ app_init ] --END-- [ RunTime:0.000393s ]
INFO: [ app_begin ] --START--
INFO: Run Behavior\ReadHtmlCacheBehavior [ RunTime:0.000594s ]
INFO: [ app_begin ] --END-- [ RunTime:0.000689s ]
INFO: [ view_parse ] --START--
INFO: [ template_filter ] --START--
INFO: Run Behavior\ContentReplaceBehavior [ RunTime:0.000091s ]
INFO: [ template_filter ] --END-- [ RunTime:0.000183s ]
INFO: Run Behavior\ParseTemplateBehavior [ RunTime:0.016266s ]
INFO: [ view_parse ] --END-- [ RunTime:0.016337s ]
INFO: [ view_filter ] --START--
INFO: Run Behavior\WriteHtmlCacheBehavior [ RunTime:0.002075s ]
INFO: [ view_filter ] --END-- [ RunTime:0.002159s ]
INFO: [ app_end ] --START--
INFO: Run Behavior\ShowPageTraceBehavior [ RunTime:0.000713s ]
INFO: [ app_end ] --END-- [ RunTime:0.000779s ]

[ 2016-10-29T13:35:15+08:00 ] 127.0.0.1 /index.php/home/index/test
INFO: [ app_init ] --START--
INFO: Run Behavior\BuildLiteBehavior [ RunTime:0.000016s ]
INFO: [ app_init ] --END-- [ RunTime:0.000300s ]
INFO: [ app_begin ] --START--
INFO: Run Behavior\ReadHtmlCacheBehavior [ RunTime:0.000312s ]
INFO: [ app_begin ] --END-- [ RunTime:0.000349s ]
NOTIC: [2] preg_match_all(): Unknown modifier 't' /Users/FMW/www/ofo/OFO/Home/Controller/IndexController.class.php 第 163 行.
NOTIC: [8] Undefined offset: 0 /Users/FMW/www/ofo/OFO/Home/Controller/IndexController.class.php 第 165 行.
NOTIC: [8] Undefined offset: 0 /Users/FMW/www/ofo/OFO/Home/Controller/IndexController.class.php 第 165 行.
NOTIC: [8] Undefined offset: 0 /Users/FMW/www/ofo/OFO/Home/Controller/IndexController.class.php 第 168 行.
NOTIC: [8] Undefined offset: 0 /Users/FMW/www/ofo/OFO/Home/Controller/IndexController.class.php 第 168 行.
NOTIC: [8] Undefined offset: 0 /Users/FMW/www/ofo/OFO/Home/Controller/IndexController.class.php 第 168 行.
NOTIC: [8] Undefined offset: 0 /Users/FMW/www/ofo/OFO/Home/Controller/IndexController.class.php 第 168 行.
NOTIC: [2] preg_match_all(): Unknown modifier 't' /Users/FMW/www/ofo/OFO/Home/Controller/IndexController.class.php 第 163 行.
NOTIC: [8] Undefined offset: 0 /Users/FMW/www/ofo/OFO/Home/Controller/IndexController.class.php 第 165 行.
NOTIC: [8] Undefined offset: 0 /Users/FMW/www/ofo/OFO/Home/Controller/IndexController.class.php 第 165 行.
NOTIC: [8] Undefined offset: 0 /Users/FMW/www/ofo/OFO/Home/Controller/IndexController.class.php 第 168 行.
NOTIC: [8] Undefined offset: 0 /Users/FMW/www/ofo/OFO/Home/Controller/IndexController.class.php 第 168 行.
NOTIC: [8] Undefined offset: 0 /Users/FMW/www/ofo/OFO/Home/Controller/IndexController.class.php 第 168 行.
NOTIC: [8] Undefined offset: 0 /Users/FMW/www/ofo/OFO/Home/Controller/IndexController.class.php 第 168 行.

